<?xml version="1.0" encoding="UTF-8"?>
<!-- Generated by org.testng.reporters.JUnitXMLReporter -->
<testsuite hostname="DESKTOP-0T83G33" ignored="0" name="Test" tests="4" failures="0" timestamp="2020-12-04T21:10:11 IST" time="0.052" errors="0">
  <testcase name="HighRisk" time="0.009" classname="TestPackage.day1"/>
  <testcase name="login" time="0.001" classname="TestPackage.day1"/>
  <testcase name="HighRisk" time="0.0" classname="TestPackage.day2"/>
  <testcase name="login" time="0.001" classname="TestPackage.day2"/>
</testsuite> <!-- Test -->
