<?xml version="1.0" encoding="UTF-8"?>
<testng-results skipped="0" failed="0" ignored="0" total="4" passed="4">
  <reporter-output>
  </reporter-output>
  <suite name="Suite" duration-ms="389" started-at="2022-03-30T13:56:10 AEDT" finished-at="2022-03-30T13:56:11 AEDT">
    <groups>
    </groups>
    <test name="Day 1" duration-ms="117" started-at="2022-03-30T13:56:10 AEDT" finished-at="2022-03-30T13:56:10 AEDT">
      <class name="TestPackage.day1">
        <test-method status="PASS" signature="HighRisk()[pri:0, instance:TestPackage.day1@65e2dbf3]" name="HighRisk" duration-ms="26" started-at="2022-03-30T13:56:10 AEDT" finished-at="2022-03-30T13:56:10 AEDT">
          <reporter-output>
          </reporter-output>
        </test-method> <!-- HighRisk -->
        <test-method status="PASS" signature="login()[pri:0, instance:TestPackage.day1@65e2dbf3]" name="login" duration-ms="2" started-at="2022-03-30T13:56:10 AEDT" finished-at="2022-03-30T13:56:10 AEDT">
          <reporter-output>
          </reporter-output>
        </test-method> <!-- login -->
        <test-method status="PASS" signature="After()[pri:0, instance:TestPackage.day1@65e2dbf3]" name="After" is-config="true" duration-ms="2" started-at="2022-03-30T13:56:10 AEDT" finished-at="2022-03-30T13:56:10 AEDT">
          <reporter-output>
          </reporter-output>
        </test-method> <!-- After -->
      </class> <!-- TestPackage.day1 -->
    </test> <!-- Day 1 -->
    <test name="Day 2" duration-ms="40" started-at="2022-03-30T13:56:11 AEDT" finished-at="2022-03-30T13:56:11 AEDT">
      <class name="TestPackage.day1">
        <test-method status="PASS" signature="BeforeMethod()[pri:0, instance:TestPackage.day1@65e2dbf3]" name="BeforeMethod" is-config="true" duration-ms="1" started-at="2022-03-30T13:56:11 AEDT" finished-at="2022-03-30T13:56:11 AEDT">
          <reporter-output>
          </reporter-output>
        </test-method> <!-- BeforeMethod -->
      </class> <!-- TestPackage.day1 -->
      <class name="TestPackage.day2">
        <test-method status="PASS" signature="before()[pri:0, instance:TestPackage.day2@7494e528]" name="before" is-config="true" duration-ms="3" started-at="2022-03-30T13:56:11 AEDT" finished-at="2022-03-30T13:56:11 AEDT">
          <reporter-output>
          </reporter-output>
        </test-method> <!-- before -->
        <test-method status="PASS" signature="HighRisk()[pri:0, instance:TestPackage.day2@7494e528]" name="HighRisk" duration-ms="4" started-at="2022-03-30T13:56:11 AEDT" finished-at="2022-03-30T13:56:11 AEDT">
          <reporter-output>
          </reporter-output>
        </test-method> <!-- HighRisk -->
        <test-method status="PASS" signature="login()[pri:0, instance:TestPackage.day2@7494e528]" name="login" duration-ms="9" started-at="2022-03-30T13:56:11 AEDT" finished-at="2022-03-30T13:56:11 AEDT">
          <reporter-output>
          </reporter-output>
        </test-method> <!-- login -->
      </class> <!-- TestPackage.day2 -->
    </test> <!-- Day 2 -->
  </suite> <!-- Suite -->
</testng-results>
